1602522659427	mozrunner::runner	INFO	Running command: "C:\\Program Files\\Mozilla Firefox\\firefox.exe" "-marionette" "-foreground" "-no-remote" "-profile" "C:\\Users\\bala_\\AppData\\Local\\Temp\\rust_mozprofileIejTaD"
JavaScript error: resource://gre/modules/XULStore.jsm, line 66: Error: Can't find profile directory.
console.error: SearchCache: "_readCacheFile: Error reading cache file:" (new Error("", "(unknown module)"))
1602522666649	Marionette	INFO	Listening on port 49596
1602522666768	Marionette	WARN	TLS certificate errors will be ignored for this session
1602522668638	Marionette	INFO	Stopped listening on port 49596

###!!! [Child][RunMessage] Error: Channel closing: too late to send/recv, messages will be lost


###!!! [Child][MessageChannel::SendAndWait] Error: Channel error: cannot send/recv

1602522673170	mozrunner::runner	INFO	Running command: "C:\\Program Files\\Mozilla Firefox\\firefox.exe" "-marionette" "-foreground" "-no-remote" "-profile" "C:\\Users\\bala_\\AppData\\Local\\Temp\\rust_mozprofileQ963r4"
JavaScript error: resource://gre/modules/XULStore.jsm, line 66: Error: Can't find profile directory.
console.error: SearchCache: "_readCacheFile: Error reading cache file:" (new Error("", "(unknown module)"))
1602522678442	Marionette	INFO	Listening on port 49657
1602522678898	Marionette	WARN	TLS certificate errors will be ignored for this session
1602522682158	Marionette	INFO	Stopped listening on port 49657

###!!! [Child][RunMessage] Error: Channel closing: too late to send/recv, messages will be lost


###!!! [Child][MessageChannel::SendAndWait] Error: Channel error: cannot send/recv

1602522868910	mozrunner::runner	INFO	Running command: "C:\\Program Files\\Mozilla Firefox\\firefox.exe" "-marionette" "-foreground" "-no-remote" "-profile" "C:\\Users\\bala_\\AppData\\Local\\Temp\\rust_mozprofileqPGbR5"
JavaScript error: resource://gre/modules/XULStore.jsm, line 66: Error: Can't find profile directory.
console.error: SearchCache: "_readCacheFile: Error reading cache file:" (new Error("", "(unknown module)"))
1602522874634	Marionette	INFO	Listening on port 49771
1602522874646	Marionette	WARN	TLS certificate errors will be ignored for this session
1602522876235	Marionette	INFO	Stopped listening on port 49771
console.error: Region.jsm: "Error fetching region" (new TypeError("NetworkError when attempting to fetch resource.", ""))
console.error: Region.jsm: "Failed to fetch region" (new Error("NO_RESULT", "resource://gre/modules/Region.jsm", 343))

###!!! [Child][RunMessage] Error: Channel closing: too late to send/recv, messages will be lost


###!!! [Child][MessageChannel::SendAndWait] Error: Channel error: cannot send/recv

1602522880664	mozrunner::runner	INFO	Running command: "C:\\Program Files\\Mozilla Firefox\\firefox.exe" "-marionette" "-foreground" "-no-remote" "-profile" "C:\\Users\\bala_\\AppData\\Local\\Temp\\rust_mozprofilel8JiYN"
JavaScript error: resource://gre/modules/XULStore.jsm, line 66: Error: Can't find profile directory.
console.error: SearchCache: "_readCacheFile: Error reading cache file:" (new Error("", "(unknown module)"))
1602522886383	Marionette	INFO	Listening on port 49819
1602522886398	Marionette	WARN	TLS certificate errors will be ignored for this session
1602522889732	Marionette	INFO	Stopped listening on port 49819

###!!! [Child][RunMessage] Error: Channel closing: too late to send/recv, messages will be lost


###!!! [Child][MessageChannel::SendAndWait] Error: Channel error: cannot send/recv

1602522944423	mozrunner::runner	INFO	Running command: "C:\\Program Files\\Mozilla Firefox\\firefox.exe" "-marionette" "-foreground" "-no-remote" "-profile" "C:\\Users\\bala_\\AppData\\Local\\Temp\\rust_mozprofileknvTLN"
JavaScript error: resource://gre/modules/XULStore.jsm, line 66: Error: Can't find profile directory.
console.error: SearchCache: "_readCacheFile: Error reading cache file:" (new Error("", "(unknown module)"))
1602522949653	Marionette	INFO	Listening on port 49877
1602522950155	Marionette	WARN	TLS certificate errors will be ignored for this session
1602522951873	Marionette	INFO	Stopped listening on port 49877

###!!! [Child][RunMessage] Error: Channel closing: too late to send/recv, messages will be lost


###!!! [Child][MessageChannel::SendAndWait] Error: Channel error: cannot send/recv

1602522956342	mozrunner::runner	INFO	Running command: "C:\\Program Files\\Mozilla Firefox\\firefox.exe" "-marionette" "-foreground" "-no-remote" "-profile" "C:\\Users\\bala_\\AppData\\Local\\Temp\\rust_mozprofile2hSKfm"
JavaScript error: resource://gre/modules/XULStore.jsm, line 66: Error: Can't find profile directory.
console.error: SearchCache: "_readCacheFile: Error reading cache file:" (new Error("", "(unknown module)"))
1602522961478	Marionette	INFO	Listening on port 49933
1602522961803	Marionette	WARN	TLS certificate errors will be ignored for this session
1602522964974	Marionette	INFO	Stopped listening on port 49933

###!!! [Child][RunMessage] Error: Channel closing: too late to send/recv, messages will be lost


###!!! [Child][MessageChannel::SendAndWait] Error: Channel error: cannot send/recv

1602523175572	mozrunner::runner	INFO	Running command: "C:\\Program Files\\Mozilla Firefox\\firefox.exe" "-marionette" "-foreground" "-no-remote" "-profile" "C:\\Users\\bala_\\AppData\\Local\\Temp\\rust_mozprofiledSGpWL"
JavaScript error: resource://gre/modules/XULStore.jsm, line 66: Error: Can't find profile directory.
console.error: SearchCache: "_readCacheFile: Error reading cache file:" (new Error("", "(unknown module)"))
1602523182122	Marionette	INFO	Listening on port 50012
1602523182399	Marionette	WARN	TLS certificate errors will be ignored for this session
1602523184234	Marionette	INFO	Stopped listening on port 50012

###!!! [Child][RunMessage] Error: Channel closing: too late to send/recv, messages will be lost


###!!! [Child][MessageChannel::SendAndWait] Error: Channel error: cannot send/recv

1602523188715	mozrunner::runner	INFO	Running command: "C:\\Program Files\\Mozilla Firefox\\firefox.exe" "-marionette" "-foreground" "-no-remote" "-profile" "C:\\Users\\bala_\\AppData\\Local\\Temp\\rust_mozprofileojwHCo"
JavaScript error: resource://gre/modules/XULStore.jsm, line 66: Error: Can't find profile directory.
console.error: SearchCache: "_readCacheFile: Error reading cache file:" (new Error("", "(unknown module)"))
1602523194228	Marionette	INFO	Listening on port 50076
1602523194635	Marionette	WARN	TLS certificate errors will be ignored for this session
1602523197669	Marionette	INFO	Stopped listening on port 50076

###!!! [Child][RunMessage] Error: Channel closing: too late to send/recv, messages will be lost


###!!! [Child][MessageChannel::SendAndWait] Error: Channel error: cannot send/recv

1602523650094	mozrunner::runner	INFO	Running command: "C:\\Program Files\\Mozilla Firefox\\firefox.exe" "-marionette" "-foreground" "-no-remote" "-profile" "C:\\Users\\bala_\\AppData\\Local\\Temp\\rust_mozprofileGYVg2v"
JavaScript error: resource://gre/modules/XULStore.jsm, line 66: Error: Can't find profile directory.
console.error: SearchCache: "_readCacheFile: Error reading cache file:" (new Error("", "(unknown module)"))
1602523655845	Marionette	INFO	Listening on port 50251
1602523656328	Marionette	WARN	TLS certificate errors will be ignored for this session
1602523657896	Marionette	INFO	Stopped listening on port 50251

###!!! [Child][RunMessage] Error: Channel closing: too late to send/recv, messages will be lost


###!!! [Child][MessageChannel::SendAndWait] Error: Channel error: cannot send/recv

1602523662496	mozrunner::runner	INFO	Running command: "C:\\Program Files\\Mozilla Firefox\\firefox.exe" "-marionette" "-foreground" "-no-remote" "-profile" "C:\\Users\\bala_\\AppData\\Local\\Temp\\rust_mozprofile5Xfe41"
JavaScript error: resource://gre/modules/XULStore.jsm, line 66: Error: Can't find profile directory.
console.error: SearchCache: "_readCacheFile: Error reading cache file:" (new Error("", "(unknown module)"))
1602523668619	Marionette	INFO	Listening on port 50310
1602523668726	Marionette	WARN	TLS certificate errors will be ignored for this session
1602523672208	Marionette	INFO	Stopped listening on port 50310

###!!! [Child][RunMessage] Error: Channel closing: too late to send/recv, messages will be lost


###!!! [Child][MessageChannel::SendAndWait] Error: Channel error: cannot send/recv

1602523757678	mozrunner::runner	INFO	Running command: "C:\\Program Files\\Mozilla Firefox\\firefox.exe" "-marionette" "-foreground" "-no-remote" "-profile" "C:\\Users\\bala_\\AppData\\Local\\Temp\\rust_mozprofile355ktm"
JavaScript error: resource://gre/modules/XULStore.jsm, line 66: Error: Can't find profile directory.
console.error: SearchCache: "_readCacheFile: Error reading cache file:" (new Error("", "(unknown module)"))
1602523762728	Marionette	INFO	Listening on port 49354
1602523762909	Marionette	WARN	TLS certificate errors will be ignored for this session
1602523764833	Marionette	INFO	Stopped listening on port 49354

###!!! [Child][RunMessage] Error: Channel closing: too late to send/recv, messages will be lost


###!!! [Child][MessageChannel::SendAndWait] Error: Channel error: cannot send/recv

1602523769425	mozrunner::runner	INFO	Running command: "C:\\Program Files\\Mozilla Firefox\\firefox.exe" "-marionette" "-foreground" "-no-remote" "-profile" "C:\\Users\\bala_\\AppData\\Local\\Temp\\rust_mozprofileDEE3YC"
JavaScript error: resource://gre/modules/XULStore.jsm, line 66: Error: Can't find profile directory.
console.error: SearchCache: "_readCacheFile: Error reading cache file:" (new Error("", "(unknown module)"))
1602523774781	Marionette	INFO	Listening on port 49416
1602523774823	Marionette	WARN	TLS certificate errors will be ignored for this session
1602523778130	Marionette	INFO	Stopped listening on port 49416

###!!! [Child][RunMessage] Error: Channel closing: too late to send/recv, messages will be lost


###!!! [Child][MessageChannel::SendAndWait] Error: Channel error: cannot send/recv

1602523912665	mozrunner::runner	INFO	Running command: "C:\\Program Files\\Mozilla Firefox\\firefox.exe" "-marionette" "-foreground" "-no-remote" "-profile" "C:\\Users\\bala_\\AppData\\Local\\Temp\\rust_mozprofileapTPYS"
JavaScript error: resource://gre/modules/XULStore.jsm, line 66: Error: Can't find profile directory.
console.error: SearchCache: "_readCacheFile: Error reading cache file:" (new Error("", "(unknown module)"))
1602523917772	Marionette	INFO	Listening on port 49489
1602523917899	Marionette	WARN	TLS certificate errors will be ignored for this session
1602523919590	Marionette	INFO	Stopped listening on port 49489

###!!! [Child][RunMessage] Error: Channel closing: too late to send/recv, messages will be lost


###!!! [Child][MessageChannel::SendAndWait] Error: Channel error: cannot send/recv

1602523924175	mozrunner::runner	INFO	Running command: "C:\\Program Files\\Mozilla Firefox\\firefox.exe" "-marionette" "-foreground" "-no-remote" "-profile" "C:\\Users\\bala_\\AppData\\Local\\Temp\\rust_mozprofileyi4N1s"
JavaScript error: resource://gre/modules/XULStore.jsm, line 66: Error: Can't find profile directory.
console.error: SearchCache: "_readCacheFile: Error reading cache file:" (new Error("", "(unknown module)"))
1602523929538	Marionette	INFO	Listening on port 49547
1602523929907	Marionette	WARN	TLS certificate errors will be ignored for this session
1602523933119	Marionette	INFO	Stopped listening on port 49547

###!!! [Child][MessageChannel::SendAndWait] Error: Channel error: cannot send/recv

1602525141696	mozrunner::runner	INFO	Running command: "C:\\Program Files\\Mozilla Firefox\\firefox.exe" "-marionette" "-foreground" "-no-remote" "-profile" "C:\\Users\\bala_\\AppData\\Local\\Temp\\rust_mozprofilelefX95"
JavaScript error: resource://gre/modules/XULStore.jsm, line 66: Error: Can't find profile directory.
console.error: SearchCache: "_readCacheFile: Error reading cache file:" (new Error("", "(unknown module)"))
1602525147637	Marionette	INFO	Listening on port 49988
1602525147925	Marionette	WARN	TLS certificate errors will be ignored for this session
1602525149665	Marionette	INFO	Stopped listening on port 49988

###!!! [Child][RunMessage] Error: Channel closing: too late to send/recv, messages will be lost


###!!! [Child][MessageChannel::SendAndWait] Error: Channel error: cannot send/recv

1602525154217	mozrunner::runner	INFO	Running command: "C:\\Program Files\\Mozilla Firefox\\firefox.exe" "-marionette" "-foreground" "-no-remote" "-profile" "C:\\Users\\bala_\\AppData\\Local\\Temp\\rust_mozprofile3Z75PT"
JavaScript error: resource://gre/modules/XULStore.jsm, line 66: Error: Can't find profile directory.
console.error: SearchCache: "_readCacheFile: Error reading cache file:" (new Error("", "(unknown module)"))
1602525159371	Marionette	INFO	Listening on port 50044
1602525159443	Marionette	WARN	TLS certificate errors will be ignored for this session
1602525162370	Marionette	INFO	Stopped listening on port 50044

###!!! [Child][RunMessage] Error: Channel closing: too late to send/recv, messages will be lost


###!!! [Child][MessageChannel::SendAndWait] Error: Channel error: cannot send/recv

1602525269105	mozrunner::runner	INFO	Running command: "C:\\Program Files\\Mozilla Firefox\\firefox.exe" "-marionette" "-foreground" "-no-remote" "-profile" "C:\\Users\\bala_\\AppData\\Local\\Temp\\rust_mozprofileeT3mgd"
JavaScript error: resource://gre/modules/XULStore.jsm, line 66: Error: Can't find profile directory.
console.error: SearchCache: "_readCacheFile: Error reading cache file:" (new Error("", "(unknown module)"))
1602525277657	Marionette	INFO	Listening on port 50116
1602525277857	Marionette	WARN	TLS certificate errors will be ignored for this session
1602525281480	Marionette	INFO	Stopped listening on port 50116

###!!! [Child][RunMessage] Error: Channel closing: too late to send/recv, messages will be lost


###!!! [Child][RunMessage] Error: Channel closing: too late to send/recv, messages will be lost

[Parent 19464, Gecko_IOThread] WARNING: file /builds/worker/checkouts/gecko/ipc/chromium/src/base/process_util_win.cc, line 166

###!!! [Child][RunMessage] Error: Channel closing: too late to send/recv, messages will be lost


###!!! [Child][MessageChannel::SendAndWait] Error: Channel error: cannot send/recv

1602525366813	mozrunner::runner	INFO	Running command: "C:\\Program Files\\Mozilla Firefox\\firefox.exe" "-marionette" "-foreground" "-no-remote" "-profile" "C:\\Users\\bala_\\AppData\\Local\\Temp\\rust_mozprofileL5E7q1"
JavaScript error: resource://gre/modules/XULStore.jsm, line 66: Error: Can't find profile directory.
console.error: SearchCache: "_readCacheFile: Error reading cache file:" (new Error("", "(unknown module)"))
1602525374816	Marionette	INFO	Listening on port 50249
1602525374975	Marionette	WARN	TLS certificate errors will be ignored for this session
1602525424697	Marionette	INFO	Stopped listening on port 50249

###!!! [Child][RunMessage] Error: Channel closing: too late to send/recv, messages will be lost


###!!! [Child][MessageChannel::SendAndWait] Error: Channel error: cannot send/recv

1602525509027	mozrunner::runner	INFO	Running command: "C:\\Program Files\\Mozilla Firefox\\firefox.exe" "-marionette" "-foreground" "-no-remote" "-profile" "C:\\Users\\bala_\\AppData\\Local\\Temp\\rust_mozprofileoi2iPT"
JavaScript error: resource://gre/modules/XULStore.jsm, line 66: Error: Can't find profile directory.
console.error: SearchCache: "_readCacheFile: Error reading cache file:" (new Error("", "(unknown module)"))
1602525516671	Marionette	INFO	Listening on port 50390
1602525517257	Marionette	WARN	TLS certificate errors will be ignored for this session
1602525532148	Marionette	INFO	Stopped listening on port 50390

###!!! [Child][RunMessage] Error: Channel closing: too late to send/recv, messages will be lost


###!!! [Child][MessageChannel::SendAndWait] Error: Channel error: cannot send/recv

1602525898712	mozrunner::runner	INFO	Running command: "C:\\Program Files\\Mozilla Firefox\\firefox.exe" "-marionette" "-foreground" "-no-remote" "-profile" "C:\\Users\\bala_\\AppData\\Local\\Temp\\rust_mozprofileKquoL5"
JavaScript error: resource://gre/modules/XULStore.jsm, line 66: Error: Can't find profile directory.
console.error: SearchCache: "_readCacheFile: Error reading cache file:" (new Error("", "(unknown module)"))
1602525906526	Marionette	INFO	Listening on port 57042
1602525906856	Marionette	WARN	TLS certificate errors will be ignored for this session
1602525915249	Marionette	INFO	Stopped listening on port 57041

###!!! [Child][RunMessage] Error: Channel closing: too late to send/recv, messages will be lost


###!!! [Child][MessageChannel::SendAndWait] Error: Channel error: cannot send/recv

1602656018665	mozrunner::runner	INFO	Running command: "C:\\Program Files\\Mozilla Firefox\\firefox.exe" "-marionette" "-foreground" "-no-remote" "-profile" "C:\\Users\\bala_\\AppData\\Local\\Temp\\rust_mozprofileGGNMMk"
JavaScript error: resource://gre/modules/XULStore.jsm, line 66: Error: Can't find profile directory.
console.error: SearchCache: "_readCacheFile: Error reading cache file:" (new Error("", "(unknown module)"))
1602656024351	Marionette	INFO	Listening on port 52831
1602656024424	Marionette	WARN	TLS certificate errors will be ignored for this session
1602656032793	Marionette	INFO	Stopped listening on port 52830

###!!! [Child][RunMessage] Error: Channel closing: too late to send/recv, messages will be lost


###!!! [Child][MessageChannel::SendAndWait] Error: Channel error: cannot send/recv

1602656906872	mozrunner::runner	INFO	Running command: "C:\\Program Files\\Mozilla Firefox\\firefox.exe" "-marionette" "-foreground" "-no-remote" "-profile" "C:\\Users\\bala_\\AppData\\Local\\Temp\\rust_mozprofilejoafjU"
JavaScript error: resource://gre/modules/XULStore.jsm, line 66: Error: Can't find profile directory.
console.error: SearchCache: "_readCacheFile: Error reading cache file:" (new Error("", "(unknown module)"))
1602656911639	Marionette	INFO	Listening on port 50672
1602656912095	Marionette	WARN	TLS certificate errors will be ignored for this session
1602656919995	Marionette	INFO	Stopped listening on port 50671

###!!! [Child][RunMessage] Error: Channel closing: too late to send/recv, messages will be lost


###!!! [Child][MessageChannel::SendAndWait] Error: Channel error: cannot send/recv

