Current google-chrome version is 86.0.4240
Current google-chrome version is 86.0.4240
Get LATEST driver version for 86.0.4240
Get LATEST driver version for 86.0.4240
Driver [C:\Users\bala_\.wdm\drivers\chromedriver\win32\86.0.4240.22\chromedriver.exe] found in cache
Driver [C:\Users\bala_\.wdm\drivers\chromedriver\win32\86.0.4240.22\chromedriver.exe] found in cache
Current google-chrome version is 86.0.4240
Current google-chrome version is 86.0.4240
Get LATEST driver version for 86.0.4240
Get LATEST driver version for 86.0.4240
Driver [C:\Users\bala_\.wdm\drivers\chromedriver\win32\86.0.4240.22\chromedriver.exe] found in cache
Driver [C:\Users\bala_\.wdm\drivers\chromedriver\win32\86.0.4240.22\chromedriver.exe] found in cache
Current google-chrome version is 86.0.4240
Current google-chrome version is 86.0.4240
Get LATEST driver version for 86.0.4240
Get LATEST driver version for 86.0.4240
Driver [C:\Users\bala_\.wdm\drivers\chromedriver\win32\86.0.4240.22\chromedriver.exe] found in cache
Driver [C:\Users\bala_\.wdm\drivers\chromedriver\win32\86.0.4240.22\chromedriver.exe] found in cache
Browser Launched
Browser Launched
Test test_title passed
Test test_title passed
Current google-chrome version is 86.0.4240
Current google-chrome version is 86.0.4240
Get LATEST driver version for 86.0.4240
Get LATEST driver version for 86.0.4240
Driver [C:\Users\bala_\.wdm\drivers\chromedriver\win32\86.0.4240.22\chromedriver.exe] found in cache
Driver [C:\Users\bala_\.wdm\drivers\chromedriver\win32\86.0.4240.22\chromedriver.exe] found in cache
Test test_login browser launched
Test test_login browser launched
Test test_Login passed
Test test_Login passed
Current google-chrome version is 86.0.4240
Get LATEST driver version for 86.0.4240
Driver [C:\Users\bala_\.wdm\drivers\chromedriver\win32\86.0.4240.22\chromedriver.exe] found in cache
******test_title_ddt********
******Verifying Login DDT Test from Excel file********
*******Test test_login browser launched*****
Current google-chrome version is 86.0.4240
Get LATEST driver version for 86.0.4240
Driver [C:\Users\bala_\.wdm\drivers\chromedriver\win32\86.0.4240.22\chromedriver.exe] found in cache
******test_title_ddt********
******Verifying Login DDT Test from Excel file********
*******Test test_login browser launched*****
********Test test_Login passed********
********Test test_Login passed********
********Test test_Login passed********
Current google-chrome version is 86.0.4240
Get LATEST driver version for 86.0.4240
Driver [C:\Users\bala_\.wdm\drivers\chromedriver\win32\86.0.4240.22\chromedriver.exe] found in cache
******test_title_ddt********
******Verifying Login DDT Test from Excel file********
*******Test test_login browser launched*****
*****Username : Admin1***********Password : admin123***********
********Test test_Login passed********
*****Username : Admin***********Password : Admin1234***********
********Test test_Login passed********
*****Username : Admin***********Password : admin123***********
********Test test_Login passed********
Current google-chrome version is 86.0.4240
Get LATEST driver version for 86.0.4240
Get LATEST driver version for 86.0.4240
Trying to download new driver from http://chromedriver.storage.googleapis.com/86.0.4240.22/chromedriver_win32.zip
Driver has been saved in cache [C:\Users\bala_\.wdm\drivers\chromedriver\win32\86.0.4240.22]
*******Searching for Existing User**********
Current google-chrome version is 86.0.4240
Get LATEST driver version for 86.0.4240
Driver [C:\Users\bala_\.wdm\drivers\chromedriver\win32\86.0.4240.22\chromedriver.exe] found in cache
*******Searching for Existing User**********
*******Login is successfull**********
*******Menu Admin click is successfull**********
*******Entered In Admin Page**********
*******Entering search info**********
Current google-chrome version is 86.0.4240
Get LATEST driver version for 86.0.4240
Driver [C:\Users\bala_\.wdm\drivers\chromedriver\win32\86.0.4240.22\chromedriver.exe] found in cache
*******Searching for Existing User**********
*******Login is successfull**********
*******Menu Admin click is successfull**********
*******Entered In Admin Page**********
*******Entering search info**********
Current google-chrome version is 86.0.4240
Get LATEST driver version for 86.0.4240
Driver [C:\Users\bala_\.wdm\drivers\chromedriver\win32\86.0.4240.22\chromedriver.exe] found in cache
*******Searching for Existing User**********
*******Login is successfull**********
*******Menu Admin click is successfull**********
*******Entered In Admin Page**********
*******Entering search info**********
Current google-chrome version is 86.0.4240
Get LATEST driver version for 86.0.4240
Driver [C:\Users\bala_\.wdm\drivers\chromedriver\win32\86.0.4240.22\chromedriver.exe] found in cache
*******Searching for Existing User**********
*******Login is successfull**********
*******Menu Admin click is successfull**********
*******Entered In Admin Page**********
*******Entering search info**********
*******Clicked search**********
*******User Exist :Test Pass**********
*******Exiting test_Search_User**********
Current google-chrome version is 86.0.4240
Get LATEST driver version for 86.0.4240
Driver [C:\Users\bala_\.wdm\drivers\chromedriver\win32\86.0.4240.22\chromedriver.exe] found in cache
*******Searching for Existing User**********
*******Login is successfull**********
*******Menu Admin click is successfull**********
*******Entered In Admin Page**********
*******Entering search info**********
*******Clicked search**********
*******User Exist :Test Pass**********
*******Exiting test_Search_User**********
Current google-chrome version is 86.0.4240
Current google-chrome version is 86.0.4240
Current google-chrome version is 86.0.4240
Get LATEST driver version for 86.0.4240
Get LATEST driver version for 86.0.4240
Get LATEST driver version for 86.0.4240
Driver [C:\Users\bala_\.wdm\drivers\chromedriver\win32\86.0.4240.22\chromedriver.exe] found in cache
Driver [C:\Users\bala_\.wdm\drivers\chromedriver\win32\86.0.4240.22\chromedriver.exe] found in cache
Driver [C:\Users\bala_\.wdm\drivers\chromedriver\win32\86.0.4240.22\chromedriver.exe] found in cache
Current google-chrome version is 86.0.4240
Current google-chrome version is 86.0.4240
Current google-chrome version is 86.0.4240
Get LATEST driver version for 86.0.4240
Get LATEST driver version for 86.0.4240
Get LATEST driver version for 86.0.4240
Driver [C:\Users\bala_\.wdm\drivers\chromedriver\win32\86.0.4240.22\chromedriver.exe] found in cache
Driver [C:\Users\bala_\.wdm\drivers\chromedriver\win32\86.0.4240.22\chromedriver.exe] found in cache
Driver [C:\Users\bala_\.wdm\drivers\chromedriver\win32\86.0.4240.22\chromedriver.exe] found in cache
Current google-chrome version is 86.0.4240
Current google-chrome version is 86.0.4240
Current google-chrome version is 86.0.4240
Current google-chrome version is 86.0.4240
Get LATEST driver version for 86.0.4240
Get LATEST driver version for 86.0.4240
Get LATEST driver version for 86.0.4240
Get LATEST driver version for 86.0.4240
Driver [C:\Users\bala_\.wdm\drivers\chromedriver\win32\86.0.4240.22\chromedriver.exe] found in cache
Driver [C:\Users\bala_\.wdm\drivers\chromedriver\win32\86.0.4240.22\chromedriver.exe] found in cache
Driver [C:\Users\bala_\.wdm\drivers\chromedriver\win32\86.0.4240.22\chromedriver.exe] found in cache
Driver [C:\Users\bala_\.wdm\drivers\chromedriver\win32\86.0.4240.22\chromedriver.exe] found in cache
Current google-chrome version is 86.0.4240
Current google-chrome version is 86.0.4240
Current google-chrome version is 86.0.4240
Current google-chrome version is 86.0.4240
Get LATEST driver version for 86.0.4240
Get LATEST driver version for 86.0.4240
Get LATEST driver version for 86.0.4240
Get LATEST driver version for 86.0.4240
Driver [C:\Users\bala_\.wdm\drivers\chromedriver\win32\86.0.4240.22\chromedriver.exe] found in cache
Driver [C:\Users\bala_\.wdm\drivers\chromedriver\win32\86.0.4240.22\chromedriver.exe] found in cache
Driver [C:\Users\bala_\.wdm\drivers\chromedriver\win32\86.0.4240.22\chromedriver.exe] found in cache
Driver [C:\Users\bala_\.wdm\drivers\chromedriver\win32\86.0.4240.22\chromedriver.exe] found in cache
Test test_login browser launched
Test test_login browser launched
Test test_login browser launched
Test test_login browser launched
Test test_Login passed
Test test_Login passed
Test test_Login passed
Test test_Login passed
Current google-chrome version is 86.0.4240
Current google-chrome version is 86.0.4240
Current google-chrome version is 86.0.4240
Get LATEST driver version for 86.0.4240
Get LATEST driver version for 86.0.4240
Get LATEST driver version for 86.0.4240
Driver [C:\Users\bala_\.wdm\drivers\chromedriver\win32\86.0.4240.22\chromedriver.exe] found in cache
Driver [C:\Users\bala_\.wdm\drivers\chromedriver\win32\86.0.4240.22\chromedriver.exe] found in cache
Driver [C:\Users\bala_\.wdm\drivers\chromedriver\win32\86.0.4240.22\chromedriver.exe] found in cache
Current google-chrome version is 86.0.4240
Current google-chrome version is 86.0.4240
Current google-chrome version is 86.0.4240
Current google-chrome version is 86.0.4240
Get LATEST driver version for 86.0.4240
Get LATEST driver version for 86.0.4240
Get LATEST driver version for 86.0.4240
Get LATEST driver version for 86.0.4240
Driver [C:\Users\bala_\.wdm\drivers\chromedriver\win32\86.0.4240.22\chromedriver.exe] found in cache
Driver [C:\Users\bala_\.wdm\drivers\chromedriver\win32\86.0.4240.22\chromedriver.exe] found in cache
Driver [C:\Users\bala_\.wdm\drivers\chromedriver\win32\86.0.4240.22\chromedriver.exe] found in cache
Driver [C:\Users\bala_\.wdm\drivers\chromedriver\win32\86.0.4240.22\chromedriver.exe] found in cache
Current google-chrome version is 86.0.4240
Current google-chrome version is 86.0.4240
Current google-chrome version is 86.0.4240
Current google-chrome version is 86.0.4240
Get LATEST driver version for 86.0.4240
Get LATEST driver version for 86.0.4240
Get LATEST driver version for 86.0.4240
Get LATEST driver version for 86.0.4240
Driver [C:\Users\bala_\.wdm\drivers\chromedriver\win32\86.0.4240.22\chromedriver.exe] found in cache
Driver [C:\Users\bala_\.wdm\drivers\chromedriver\win32\86.0.4240.22\chromedriver.exe] found in cache
Driver [C:\Users\bala_\.wdm\drivers\chromedriver\win32\86.0.4240.22\chromedriver.exe] found in cache
Driver [C:\Users\bala_\.wdm\drivers\chromedriver\win32\86.0.4240.22\chromedriver.exe] found in cache
Test test_login browser launched
Test test_login browser launched
Test test_login browser launched
Test test_login browser launched
Test test_Login passed
Test test_Login passed
Test test_Login passed
Test test_Login passed
Current google-chrome version is 86.0.4240
Current google-chrome version is 86.0.4240
Current google-chrome version is 86.0.4240
Get LATEST driver version for 86.0.4240
Get LATEST driver version for 86.0.4240
Get LATEST driver version for 86.0.4240
Driver [C:\Users\bala_\.wdm\drivers\chromedriver\win32\86.0.4240.22\chromedriver.exe] found in cache
Driver [C:\Users\bala_\.wdm\drivers\chromedriver\win32\86.0.4240.22\chromedriver.exe] found in cache
Driver [C:\Users\bala_\.wdm\drivers\chromedriver\win32\86.0.4240.22\chromedriver.exe] found in cache
Current google-chrome version is 86.0.4240
Current google-chrome version is 86.0.4240
Current google-chrome version is 86.0.4240
Current google-chrome version is 86.0.4240
Get LATEST driver version for 86.0.4240
Get LATEST driver version for 86.0.4240
Get LATEST driver version for 86.0.4240
Get LATEST driver version for 86.0.4240
Driver [C:\Users\bala_\.wdm\drivers\chromedriver\win32\86.0.4240.22\chromedriver.exe] found in cache
Driver [C:\Users\bala_\.wdm\drivers\chromedriver\win32\86.0.4240.22\chromedriver.exe] found in cache
Driver [C:\Users\bala_\.wdm\drivers\chromedriver\win32\86.0.4240.22\chromedriver.exe] found in cache
Driver [C:\Users\bala_\.wdm\drivers\chromedriver\win32\86.0.4240.22\chromedriver.exe] found in cache
Current google-chrome version is 86.0.4240
Current google-chrome version is 86.0.4240
Current google-chrome version is 86.0.4240
Current google-chrome version is 86.0.4240
Get LATEST driver version for 86.0.4240
Get LATEST driver version for 86.0.4240
Get LATEST driver version for 86.0.4240
Get LATEST driver version for 86.0.4240
Driver [C:\Users\bala_\.wdm\drivers\chromedriver\win32\86.0.4240.22\chromedriver.exe] found in cache
Driver [C:\Users\bala_\.wdm\drivers\chromedriver\win32\86.0.4240.22\chromedriver.exe] found in cache
Driver [C:\Users\bala_\.wdm\drivers\chromedriver\win32\86.0.4240.22\chromedriver.exe] found in cache
Driver [C:\Users\bala_\.wdm\drivers\chromedriver\win32\86.0.4240.22\chromedriver.exe] found in cache
*******Searching for Existing User**********
*******Searching for Existing User**********
*******Searching for Existing User**********
*******Searching for Existing User**********
*******Login is successfull**********
*******Login is successfull**********
*******Login is successfull**********
*******Login is successfull**********
*******Menu Admin click is successfull**********
*******Menu Admin click is successfull**********
*******Menu Admin click is successfull**********
*******Menu Admin click is successfull**********
*******Entered In Admin Page**********
*******Entered In Admin Page**********
*******Entered In Admin Page**********
*******Entered In Admin Page**********
*******Entering search info**********
*******Entering search info**********
*******Entering search info**********
*******Entering search info**********
*******Clicked search**********
*******Clicked search**********
*******Clicked search**********
*******Clicked search**********
*******User Exist :Test Pass**********
*******User Exist :Test Pass**********
*******User Exist :Test Pass**********
*******User Exist :Test Pass**********
*******Exiting test_Search_User**********
*******Exiting test_Search_User**********
*******Exiting test_Search_User**********
*******Exiting test_Search_User**********
Current google-chrome version is 86.0.4240
Current google-chrome version is 86.0.4240
Current google-chrome version is 86.0.4240
Current google-chrome version is 86.0.4240
Get LATEST driver version for 86.0.4240
Get LATEST driver version for 86.0.4240
Get LATEST driver version for 86.0.4240
Get LATEST driver version for 86.0.4240
Driver [C:\Users\bala_\.wdm\drivers\chromedriver\win32\86.0.4240.22\chromedriver.exe] found in cache
Driver [C:\Users\bala_\.wdm\drivers\chromedriver\win32\86.0.4240.22\chromedriver.exe] found in cache
Driver [C:\Users\bala_\.wdm\drivers\chromedriver\win32\86.0.4240.22\chromedriver.exe] found in cache
Driver [C:\Users\bala_\.wdm\drivers\chromedriver\win32\86.0.4240.22\chromedriver.exe] found in cache
Browser Launched
Browser Launched
Browser Launched
Browser Launched
Test test_title passed
Test test_title passed
Test test_title passed
Test test_title passed
Current google-chrome version is 86.0.4240
Current google-chrome version is 86.0.4240
Current google-chrome version is 86.0.4240
Current google-chrome version is 86.0.4240
Get LATEST driver version for 86.0.4240
Get LATEST driver version for 86.0.4240
Get LATEST driver version for 86.0.4240
Get LATEST driver version for 86.0.4240
Driver [C:\Users\bala_\.wdm\drivers\chromedriver\win32\86.0.4240.22\chromedriver.exe] found in cache
Driver [C:\Users\bala_\.wdm\drivers\chromedriver\win32\86.0.4240.22\chromedriver.exe] found in cache
Driver [C:\Users\bala_\.wdm\drivers\chromedriver\win32\86.0.4240.22\chromedriver.exe] found in cache
Driver [C:\Users\bala_\.wdm\drivers\chromedriver\win32\86.0.4240.22\chromedriver.exe] found in cache
Test test_login browser launched
Test test_login browser launched
Test test_login browser launched
Test test_login browser launched
Test test_Login passed
Test test_Login passed
Test test_Login passed
Test test_Login passed
Current google-chrome version is 86.0.4240
Current google-chrome version is 86.0.4240
Current google-chrome version is 86.0.4240
Current google-chrome version is 86.0.4240
Get LATEST driver version for 86.0.4240
Get LATEST driver version for 86.0.4240
Get LATEST driver version for 86.0.4240
Get LATEST driver version for 86.0.4240
Driver [C:\Users\bala_\.wdm\drivers\chromedriver\win32\86.0.4240.22\chromedriver.exe] found in cache
Driver [C:\Users\bala_\.wdm\drivers\chromedriver\win32\86.0.4240.22\chromedriver.exe] found in cache
Driver [C:\Users\bala_\.wdm\drivers\chromedriver\win32\86.0.4240.22\chromedriver.exe] found in cache
Driver [C:\Users\bala_\.wdm\drivers\chromedriver\win32\86.0.4240.22\chromedriver.exe] found in cache
******test_title_ddt********
******test_title_ddt********
******test_title_ddt********
******test_title_ddt********
******Verifying Login DDT Test from Excel file********
******Verifying Login DDT Test from Excel file********
******Verifying Login DDT Test from Excel file********
******Verifying Login DDT Test from Excel file********
*******Test test_login browser launched*****
*******Test test_login browser launched*****
*******Test test_login browser launched*****
*******Test test_login browser launched*****
*****Username : Admin1***********Password : admin123***********
*****Username : Admin1***********Password : admin123***********
*****Username : Admin1***********Password : admin123***********
*****Username : Admin1***********Password : admin123***********
********Test test_Login passed********
********Test test_Login passed********
********Test test_Login passed********
********Test test_Login passed********
*****Username : Admin***********Password : Admin1234***********
*****Username : Admin***********Password : Admin1234***********
*****Username : Admin***********Password : Admin1234***********
*****Username : Admin***********Password : Admin1234***********
********Test test_Login passed********
********Test test_Login passed********
********Test test_Login passed********
********Test test_Login passed********
*****Username : Admin***********Password : admin123***********
*****Username : Admin***********Password : admin123***********
*****Username : Admin***********Password : admin123***********
*****Username : Admin***********Password : admin123***********
********Test test_Login passed********
********Test test_Login passed********
********Test test_Login passed********
********Test test_Login passed********
Current google-chrome version is 86.0.4240
Current google-chrome version is 86.0.4240
Current google-chrome version is 86.0.4240
Get LATEST driver version for 86.0.4240
Get LATEST driver version for 86.0.4240
Get LATEST driver version for 86.0.4240
Driver [C:\Users\bala_\.wdm\drivers\chromedriver\win32\86.0.4240.22\chromedriver.exe] found in cache
Driver [C:\Users\bala_\.wdm\drivers\chromedriver\win32\86.0.4240.22\chromedriver.exe] found in cache
Driver [C:\Users\bala_\.wdm\drivers\chromedriver\win32\86.0.4240.22\chromedriver.exe] found in cache
Current google-chrome version is 86.0.4240
Current google-chrome version is 86.0.4240
Current google-chrome version is 86.0.4240
Current google-chrome version is 86.0.4240
Get LATEST driver version for 86.0.4240
Get LATEST driver version for 86.0.4240
Get LATEST driver version for 86.0.4240
Get LATEST driver version for 86.0.4240
Driver [C:\Users\bala_\.wdm\drivers\chromedriver\win32\86.0.4240.22\chromedriver.exe] found in cache
Driver [C:\Users\bala_\.wdm\drivers\chromedriver\win32\86.0.4240.22\chromedriver.exe] found in cache
Driver [C:\Users\bala_\.wdm\drivers\chromedriver\win32\86.0.4240.22\chromedriver.exe] found in cache
Driver [C:\Users\bala_\.wdm\drivers\chromedriver\win32\86.0.4240.22\chromedriver.exe] found in cache
Current google-chrome version is 86.0.4240
Current google-chrome version is 86.0.4240
Current google-chrome version is 86.0.4240
Current google-chrome version is 86.0.4240
Get LATEST driver version for 86.0.4240
Get LATEST driver version for 86.0.4240
Get LATEST driver version for 86.0.4240
Get LATEST driver version for 86.0.4240
Driver [C:\Users\bala_\.wdm\drivers\chromedriver\win32\86.0.4240.22\chromedriver.exe] found in cache
Driver [C:\Users\bala_\.wdm\drivers\chromedriver\win32\86.0.4240.22\chromedriver.exe] found in cache
Driver [C:\Users\bala_\.wdm\drivers\chromedriver\win32\86.0.4240.22\chromedriver.exe] found in cache
Driver [C:\Users\bala_\.wdm\drivers\chromedriver\win32\86.0.4240.22\chromedriver.exe] found in cache
Test test_login browser launched
Test test_login browser launched
Test test_login browser launched
Test test_login browser launched
Test test_Login passed
Test test_Login passed
Test test_Login passed
Test test_Login passed
Current google-chrome version is 86.0.4240
Current google-chrome version is 86.0.4240
Current google-chrome version is 86.0.4240
Get LATEST driver version for 86.0.4240
Get LATEST driver version for 86.0.4240
Get LATEST driver version for 86.0.4240
Driver [C:\Users\bala_\.wdm\drivers\chromedriver\win32\86.0.4240.22\chromedriver.exe] found in cache
Driver [C:\Users\bala_\.wdm\drivers\chromedriver\win32\86.0.4240.22\chromedriver.exe] found in cache
Driver [C:\Users\bala_\.wdm\drivers\chromedriver\win32\86.0.4240.22\chromedriver.exe] found in cache
Current google-chrome version is 86.0.4240
Current google-chrome version is 86.0.4240
Current google-chrome version is 86.0.4240
Current google-chrome version is 86.0.4240
Get LATEST driver version for 86.0.4240
Get LATEST driver version for 86.0.4240
Get LATEST driver version for 86.0.4240
Get LATEST driver version for 86.0.4240
Driver [C:\Users\bala_\.wdm\drivers\chromedriver\win32\86.0.4240.22\chromedriver.exe] found in cache
Driver [C:\Users\bala_\.wdm\drivers\chromedriver\win32\86.0.4240.22\chromedriver.exe] found in cache
Driver [C:\Users\bala_\.wdm\drivers\chromedriver\win32\86.0.4240.22\chromedriver.exe] found in cache
Driver [C:\Users\bala_\.wdm\drivers\chromedriver\win32\86.0.4240.22\chromedriver.exe] found in cache
*******test_AddJobTitle********
*******test_AddJobTitle********
*******test_AddJobTitle********
*******test_AddJobTitle********
Current google-chrome version is 86.0.4240
Current google-chrome version is 86.0.4240
Current google-chrome version is 86.0.4240
Current google-chrome version is 86.0.4240
Get LATEST driver version for 86.0.4240
Get LATEST driver version for 86.0.4240
Get LATEST driver version for 86.0.4240
Get LATEST driver version for 86.0.4240
Driver [C:\Users\bala_\.wdm\drivers\chromedriver\win32\86.0.4240.22\chromedriver.exe] found in cache
Driver [C:\Users\bala_\.wdm\drivers\chromedriver\win32\86.0.4240.22\chromedriver.exe] found in cache
Driver [C:\Users\bala_\.wdm\drivers\chromedriver\win32\86.0.4240.22\chromedriver.exe] found in cache
Driver [C:\Users\bala_\.wdm\drivers\chromedriver\win32\86.0.4240.22\chromedriver.exe] found in cache
Test test_login browser launched
Test test_login browser launched
Test test_login browser launched
Test test_login browser launched
Test test_Login passed
Test test_Login passed
Test test_Login passed
Test test_Login passed
Current google-chrome version is 86.0.4240
Current google-chrome version is 86.0.4240
Current google-chrome version is 86.0.4240
Get LATEST driver version for 86.0.4240
Get LATEST driver version for 86.0.4240
Get LATEST driver version for 86.0.4240
Driver [C:\Users\bala_\.wdm\drivers\chromedriver\win32\86.0.4240.22\chromedriver.exe] found in cache
Driver [C:\Users\bala_\.wdm\drivers\chromedriver\win32\86.0.4240.22\chromedriver.exe] found in cache
Driver [C:\Users\bala_\.wdm\drivers\chromedriver\win32\86.0.4240.22\chromedriver.exe] found in cache
Current google-chrome version is 86.0.4240
Current google-chrome version is 86.0.4240
Current google-chrome version is 86.0.4240
Current google-chrome version is 86.0.4240
Get LATEST driver version for 86.0.4240
Get LATEST driver version for 86.0.4240
Get LATEST driver version for 86.0.4240
Get LATEST driver version for 86.0.4240
Driver [C:\Users\bala_\.wdm\drivers\chromedriver\win32\86.0.4240.22\chromedriver.exe] found in cache
Driver [C:\Users\bala_\.wdm\drivers\chromedriver\win32\86.0.4240.22\chromedriver.exe] found in cache
Driver [C:\Users\bala_\.wdm\drivers\chromedriver\win32\86.0.4240.22\chromedriver.exe] found in cache
Driver [C:\Users\bala_\.wdm\drivers\chromedriver\win32\86.0.4240.22\chromedriver.exe] found in cache
*******test_AddJobTitle********
*******test_AddJobTitle********
*******test_AddJobTitle********
*******test_AddJobTitle********
Current google-chrome version is 86.0.4240
Current google-chrome version is 86.0.4240
Current google-chrome version is 86.0.4240
Current google-chrome version is 86.0.4240
Get LATEST driver version for 86.0.4240
Get LATEST driver version for 86.0.4240
Get LATEST driver version for 86.0.4240
Get LATEST driver version for 86.0.4240
Driver [C:\Users\bala_\.wdm\drivers\chromedriver\win32\86.0.4240.22\chromedriver.exe] found in cache
Driver [C:\Users\bala_\.wdm\drivers\chromedriver\win32\86.0.4240.22\chromedriver.exe] found in cache
Driver [C:\Users\bala_\.wdm\drivers\chromedriver\win32\86.0.4240.22\chromedriver.exe] found in cache
Driver [C:\Users\bala_\.wdm\drivers\chromedriver\win32\86.0.4240.22\chromedriver.exe] found in cache
*******Searching for Existing User**********
*******Searching for Existing User**********
*******Searching for Existing User**********
*******Searching for Existing User**********
Current google-chrome version is 86.0.4240
Current google-chrome version is 86.0.4240
Current google-chrome version is 86.0.4240
Current google-chrome version is 86.0.4240
Get LATEST driver version for 86.0.4240
Get LATEST driver version for 86.0.4240
Get LATEST driver version for 86.0.4240
Get LATEST driver version for 86.0.4240
Driver [C:\Users\bala_\.wdm\drivers\chromedriver\win32\86.0.4240.22\chromedriver.exe] found in cache
Driver [C:\Users\bala_\.wdm\drivers\chromedriver\win32\86.0.4240.22\chromedriver.exe] found in cache
Driver [C:\Users\bala_\.wdm\drivers\chromedriver\win32\86.0.4240.22\chromedriver.exe] found in cache
Driver [C:\Users\bala_\.wdm\drivers\chromedriver\win32\86.0.4240.22\chromedriver.exe] found in cache
Browser Launched
Browser Launched
Browser Launched
Browser Launched
Test test_title passed
Test test_title passed
Test test_title passed
Test test_title passed
Current google-chrome version is 86.0.4240
Current google-chrome version is 86.0.4240
Current google-chrome version is 86.0.4240
Current google-chrome version is 86.0.4240
Get LATEST driver version for 86.0.4240
Get LATEST driver version for 86.0.4240
Get LATEST driver version for 86.0.4240
Get LATEST driver version for 86.0.4240
Driver [C:\Users\bala_\.wdm\drivers\chromedriver\win32\86.0.4240.22\chromedriver.exe] found in cache
Driver [C:\Users\bala_\.wdm\drivers\chromedriver\win32\86.0.4240.22\chromedriver.exe] found in cache
Driver [C:\Users\bala_\.wdm\drivers\chromedriver\win32\86.0.4240.22\chromedriver.exe] found in cache
Driver [C:\Users\bala_\.wdm\drivers\chromedriver\win32\86.0.4240.22\chromedriver.exe] found in cache
Test test_login browser launched
Test test_login browser launched
Test test_login browser launched
Test test_login browser launched
Test test_Login passed
Test test_Login passed
Test test_Login passed
Test test_Login passed
Current google-chrome version is 86.0.4240
Current google-chrome version is 86.0.4240
Current google-chrome version is 86.0.4240
Current google-chrome version is 86.0.4240
Get LATEST driver version for 86.0.4240
Get LATEST driver version for 86.0.4240
Get LATEST driver version for 86.0.4240
Get LATEST driver version for 86.0.4240
Driver [C:\Users\bala_\.wdm\drivers\chromedriver\win32\86.0.4240.22\chromedriver.exe] found in cache
Driver [C:\Users\bala_\.wdm\drivers\chromedriver\win32\86.0.4240.22\chromedriver.exe] found in cache
Driver [C:\Users\bala_\.wdm\drivers\chromedriver\win32\86.0.4240.22\chromedriver.exe] found in cache
Driver [C:\Users\bala_\.wdm\drivers\chromedriver\win32\86.0.4240.22\chromedriver.exe] found in cache
******test_title_ddt********
******test_title_ddt********
******test_title_ddt********
******test_title_ddt********
******Verifying Login DDT Test from Excel file********
******Verifying Login DDT Test from Excel file********
******Verifying Login DDT Test from Excel file********
******Verifying Login DDT Test from Excel file********
*******Test test_login browser launched*****
*******Test test_login browser launched*****
*******Test test_login browser launched*****
*******Test test_login browser launched*****
*****Username : Admin1***********Password : admin123***********
*****Username : Admin1***********Password : admin123***********
*****Username : Admin1***********Password : admin123***********
*****Username : Admin1***********Password : admin123***********
********Test test_Login passed********
********Test test_Login passed********
********Test test_Login passed********
********Test test_Login passed********
*****Username : Admin***********Password : Admin1234***********
*****Username : Admin***********Password : Admin1234***********
*****Username : Admin***********Password : Admin1234***********
*****Username : Admin***********Password : Admin1234***********
********Test test_Login passed********
********Test test_Login passed********
********Test test_Login passed********
********Test test_Login passed********
*****Username : Admin***********Password : admin123***********
*****Username : Admin***********Password : admin123***********
*****Username : Admin***********Password : admin123***********
*****Username : Admin***********Password : admin123***********
********Test test_Login passed********
********Test test_Login passed********
********Test test_Login passed********
********Test test_Login passed********
Current google-chrome version is 86.0.4240
Current google-chrome version is 86.0.4240
Current google-chrome version is 86.0.4240
Get LATEST driver version for 86.0.4240
Get LATEST driver version for 86.0.4240
Get LATEST driver version for 86.0.4240
Driver [C:\Users\bala_\.wdm\drivers\chromedriver\win32\86.0.4240.22\chromedriver.exe] found in cache
Driver [C:\Users\bala_\.wdm\drivers\chromedriver\win32\86.0.4240.22\chromedriver.exe] found in cache
Driver [C:\Users\bala_\.wdm\drivers\chromedriver\win32\86.0.4240.22\chromedriver.exe] found in cache
Current google-chrome version is 86.0.4240
Current google-chrome version is 86.0.4240
Current google-chrome version is 86.0.4240
Current google-chrome version is 86.0.4240
Get LATEST driver version for 86.0.4240
Get LATEST driver version for 86.0.4240
Get LATEST driver version for 86.0.4240
Get LATEST driver version for 86.0.4240
Driver [C:\Users\bala_\.wdm\drivers\chromedriver\win32\86.0.4240.22\chromedriver.exe] found in cache
Driver [C:\Users\bala_\.wdm\drivers\chromedriver\win32\86.0.4240.22\chromedriver.exe] found in cache
Driver [C:\Users\bala_\.wdm\drivers\chromedriver\win32\86.0.4240.22\chromedriver.exe] found in cache
Driver [C:\Users\bala_\.wdm\drivers\chromedriver\win32\86.0.4240.22\chromedriver.exe] found in cache
*******test_AddJobTitle********
*******test_AddJobTitle********
*******test_AddJobTitle********
*******test_AddJobTitle********
Current google-chrome version is 86.0.4240
Current google-chrome version is 86.0.4240
Current google-chrome version is 86.0.4240
Current google-chrome version is 86.0.4240
Get LATEST driver version for 86.0.4240
Get LATEST driver version for 86.0.4240
Get LATEST driver version for 86.0.4240
Get LATEST driver version for 86.0.4240
Driver [C:\Users\bala_\.wdm\drivers\chromedriver\win32\86.0.4240.22\chromedriver.exe] found in cache
Driver [C:\Users\bala_\.wdm\drivers\chromedriver\win32\86.0.4240.22\chromedriver.exe] found in cache
Driver [C:\Users\bala_\.wdm\drivers\chromedriver\win32\86.0.4240.22\chromedriver.exe] found in cache
Driver [C:\Users\bala_\.wdm\drivers\chromedriver\win32\86.0.4240.22\chromedriver.exe] found in cache
Test test_login browser launched
Test test_login browser launched
Test test_login browser launched
Test test_login browser launched
Test test_Login passed
Test test_Login passed
Test test_Login passed
Test test_Login passed
Current google-chrome version is 86.0.4240
Current google-chrome version is 86.0.4240
Current google-chrome version is 86.0.4240
Get LATEST driver version for 86.0.4240
Get LATEST driver version for 86.0.4240
Get LATEST driver version for 86.0.4240
Driver [C:\Users\bala_\.wdm\drivers\chromedriver\win32\86.0.4240.22\chromedriver.exe] found in cache
Driver [C:\Users\bala_\.wdm\drivers\chromedriver\win32\86.0.4240.22\chromedriver.exe] found in cache
Driver [C:\Users\bala_\.wdm\drivers\chromedriver\win32\86.0.4240.22\chromedriver.exe] found in cache
Current google-chrome version is 86.0.4240
Current google-chrome version is 86.0.4240
Current google-chrome version is 86.0.4240
Current google-chrome version is 86.0.4240
Get LATEST driver version for 86.0.4240
Get LATEST driver version for 86.0.4240
Get LATEST driver version for 86.0.4240
Get LATEST driver version for 86.0.4240
Driver [C:\Users\bala_\.wdm\drivers\chromedriver\win32\86.0.4240.22\chromedriver.exe] found in cache
Driver [C:\Users\bala_\.wdm\drivers\chromedriver\win32\86.0.4240.22\chromedriver.exe] found in cache
Driver [C:\Users\bala_\.wdm\drivers\chromedriver\win32\86.0.4240.22\chromedriver.exe] found in cache
Driver [C:\Users\bala_\.wdm\drivers\chromedriver\win32\86.0.4240.22\chromedriver.exe] found in cache
*******test_AddJobTitle********
*******test_AddJobTitle********
*******test_AddJobTitle********
*******test_AddJobTitle********
Current google-chrome version is 86.0.4240
Current google-chrome version is 86.0.4240
Current google-chrome version is 86.0.4240
Current google-chrome version is 86.0.4240
Get LATEST driver version for 86.0.4240
Get LATEST driver version for 86.0.4240
Get LATEST driver version for 86.0.4240
Get LATEST driver version for 86.0.4240
Driver [C:\Users\bala_\.wdm\drivers\chromedriver\win32\86.0.4240.22\chromedriver.exe] found in cache
Driver [C:\Users\bala_\.wdm\drivers\chromedriver\win32\86.0.4240.22\chromedriver.exe] found in cache
Driver [C:\Users\bala_\.wdm\drivers\chromedriver\win32\86.0.4240.22\chromedriver.exe] found in cache
Driver [C:\Users\bala_\.wdm\drivers\chromedriver\win32\86.0.4240.22\chromedriver.exe] found in cache
*******Searching for Existing User**********
*******Searching for Existing User**********
*******Searching for Existing User**********
*******Searching for Existing User**********
*******Login is successfull**********
*******Login is successfull**********
*******Login is successfull**********
*******Login is successfull**********
*******Menu Admin click is successfull**********
*******Menu Admin click is successfull**********
*******Menu Admin click is successfull**********
*******Menu Admin click is successfull**********
*******Entered In Admin Page**********
*******Entered In Admin Page**********
*******Entered In Admin Page**********
*******Entered In Admin Page**********
*******Entering search info**********
*******Entering search info**********
*******Entering search info**********
*******Entering search info**********
*******Clicked search**********
*******Clicked search**********
*******Clicked search**********
*******Clicked search**********
*******User Exist :Test Pass**********
*******User Exist :Test Pass**********
*******User Exist :Test Pass**********
*******User Exist :Test Pass**********
*******Exiting test_Search_User**********
*******Exiting test_Search_User**********
*******Exiting test_Search_User**********
*******Exiting test_Search_User**********
Current google-chrome version is 86.0.4240
Current google-chrome version is 86.0.4240
Current google-chrome version is 86.0.4240
Current google-chrome version is 86.0.4240
Get LATEST driver version for 86.0.4240
Get LATEST driver version for 86.0.4240
Get LATEST driver version for 86.0.4240
Get LATEST driver version for 86.0.4240
Driver [C:\Users\bala_\.wdm\drivers\chromedriver\win32\86.0.4240.22\chromedriver.exe] found in cache
Driver [C:\Users\bala_\.wdm\drivers\chromedriver\win32\86.0.4240.22\chromedriver.exe] found in cache
Driver [C:\Users\bala_\.wdm\drivers\chromedriver\win32\86.0.4240.22\chromedriver.exe] found in cache
Driver [C:\Users\bala_\.wdm\drivers\chromedriver\win32\86.0.4240.22\chromedriver.exe] found in cache
Browser Launched
Browser Launched
Browser Launched
Browser Launched
Test test_title passed
Test test_title passed
Test test_title passed
Test test_title passed
Current google-chrome version is 86.0.4240
Current google-chrome version is 86.0.4240
Current google-chrome version is 86.0.4240
Current google-chrome version is 86.0.4240
Get LATEST driver version for 86.0.4240
Get LATEST driver version for 86.0.4240
Get LATEST driver version for 86.0.4240
Get LATEST driver version for 86.0.4240
Driver [C:\Users\bala_\.wdm\drivers\chromedriver\win32\86.0.4240.22\chromedriver.exe] found in cache
Driver [C:\Users\bala_\.wdm\drivers\chromedriver\win32\86.0.4240.22\chromedriver.exe] found in cache
Driver [C:\Users\bala_\.wdm\drivers\chromedriver\win32\86.0.4240.22\chromedriver.exe] found in cache
Driver [C:\Users\bala_\.wdm\drivers\chromedriver\win32\86.0.4240.22\chromedriver.exe] found in cache
Test test_login browser launched
Test test_login browser launched
Test test_login browser launched
Test test_login browser launched
Test test_Login passed
Test test_Login passed
Test test_Login passed
Test test_Login passed
Current google-chrome version is 86.0.4240
Current google-chrome version is 86.0.4240
Current google-chrome version is 86.0.4240
Current google-chrome version is 86.0.4240
Get LATEST driver version for 86.0.4240
Get LATEST driver version for 86.0.4240
Get LATEST driver version for 86.0.4240
Get LATEST driver version for 86.0.4240
Driver [C:\Users\bala_\.wdm\drivers\chromedriver\win32\86.0.4240.22\chromedriver.exe] found in cache
Driver [C:\Users\bala_\.wdm\drivers\chromedriver\win32\86.0.4240.22\chromedriver.exe] found in cache
Driver [C:\Users\bala_\.wdm\drivers\chromedriver\win32\86.0.4240.22\chromedriver.exe] found in cache
Driver [C:\Users\bala_\.wdm\drivers\chromedriver\win32\86.0.4240.22\chromedriver.exe] found in cache
******test_title_ddt********
******test_title_ddt********
******test_title_ddt********
******test_title_ddt********
******Verifying Login DDT Test from Excel file********
******Verifying Login DDT Test from Excel file********
******Verifying Login DDT Test from Excel file********
******Verifying Login DDT Test from Excel file********
*******Test test_login browser launched*****
*******Test test_login browser launched*****
*******Test test_login browser launched*****
*******Test test_login browser launched*****
*****Username : Admin1***********Password : admin123***********
*****Username : Admin1***********Password : admin123***********
*****Username : Admin1***********Password : admin123***********
*****Username : Admin1***********Password : admin123***********
********Test test_Login passed********
********Test test_Login passed********
********Test test_Login passed********
********Test test_Login passed********
*****Username : Admin***********Password : Admin1234***********
*****Username : Admin***********Password : Admin1234***********
*****Username : Admin***********Password : Admin1234***********
*****Username : Admin***********Password : Admin1234***********
********Test test_Login passed********
********Test test_Login passed********
********Test test_Login passed********
********Test test_Login passed********
*****Username : Admin***********Password : admin123***********
*****Username : Admin***********Password : admin123***********
*****Username : Admin***********Password : admin123***********
*****Username : Admin***********Password : admin123***********
********Test test_Login passed********
********Test test_Login passed********
********Test test_Login passed********
********Test test_Login passed********
Current google-chrome version is 86.0.4240
Current google-chrome version is 86.0.4240
Current google-chrome version is 86.0.4240
Current google-chrome version is 86.0.4240
Get LATEST driver version for 86.0.4240
Get LATEST driver version for 86.0.4240
Get LATEST driver version for 86.0.4240
Get LATEST driver version for 86.0.4240
Driver [C:\Users\bala_\.wdm\drivers\chromedriver\win32\86.0.4240.22\chromedriver.exe] found in cache
Driver [C:\Users\bala_\.wdm\drivers\chromedriver\win32\86.0.4240.22\chromedriver.exe] found in cache
Driver [C:\Users\bala_\.wdm\drivers\chromedriver\win32\86.0.4240.22\chromedriver.exe] found in cache
Driver [C:\Users\bala_\.wdm\drivers\chromedriver\win32\86.0.4240.22\chromedriver.exe] found in cache
*******test_AddJobTitle********
*******test_AddJobTitle********
*******test_AddJobTitle********
*******test_AddJobTitle********
*******Browser started********
*******Browser started********
*******Browser started********
*******Browser started********
*******Login successful********
*******Login successful********
*******Login successful********
*******Login successful********
*******Landed on Admin page********
*******Landed on Admin page********
*******Landed on Admin page********
*******Landed on Admin page********
*******Adding new  Job title********
*******Adding new  Job title********
*******Adding new  Job title********
*******Adding new  Job title********
Current google-chrome version is 86.0.4240
Current google-chrome version is 86.0.4240
Current google-chrome version is 86.0.4240
Current google-chrome version is 86.0.4240
Get LATEST driver version for 86.0.4240
Get LATEST driver version for 86.0.4240
Get LATEST driver version for 86.0.4240
Get LATEST driver version for 86.0.4240
Driver [C:\Users\bala_\.wdm\drivers\chromedriver\win32\86.0.4240.22\chromedriver.exe] found in cache
Driver [C:\Users\bala_\.wdm\drivers\chromedriver\win32\86.0.4240.22\chromedriver.exe] found in cache
Driver [C:\Users\bala_\.wdm\drivers\chromedriver\win32\86.0.4240.22\chromedriver.exe] found in cache
Driver [C:\Users\bala_\.wdm\drivers\chromedriver\win32\86.0.4240.22\chromedriver.exe] found in cache
*******Searching for Existing User**********
*******Searching for Existing User**********
*******Searching for Existing User**********
*******Searching for Existing User**********
*******Login is successfull**********
*******Login is successfull**********
*******Login is successfull**********
*******Login is successfull**********
*******Menu Admin click is successfull**********
*******Menu Admin click is successfull**********
*******Menu Admin click is successfull**********
*******Menu Admin click is successfull**********
*******Entered In Admin Page**********
*******Entered In Admin Page**********
*******Entered In Admin Page**********
*******Entered In Admin Page**********
*******Entering search info**********
*******Entering search info**********
*******Entering search info**********
*******Entering search info**********
*******Clicked search**********
*******Clicked search**********
*******Clicked search**********
*******Clicked search**********
*******User Exist :Test Pass**********
*******User Exist :Test Pass**********
*******User Exist :Test Pass**********
*******User Exist :Test Pass**********
*******Exiting test_Search_User**********
*******Exiting test_Search_User**********
*******Exiting test_Search_User**********
*******Exiting test_Search_User**********
Current google-chrome version is 86.0.4240
Current google-chrome version is 86.0.4240
Current google-chrome version is 86.0.4240
Current google-chrome version is 86.0.4240
Get LATEST driver version for 86.0.4240
Get LATEST driver version for 86.0.4240
Get LATEST driver version for 86.0.4240
Get LATEST driver version for 86.0.4240
Driver [C:\Users\bala_\.wdm\drivers\chromedriver\win32\86.0.4240.22\chromedriver.exe] found in cache
Driver [C:\Users\bala_\.wdm\drivers\chromedriver\win32\86.0.4240.22\chromedriver.exe] found in cache
Driver [C:\Users\bala_\.wdm\drivers\chromedriver\win32\86.0.4240.22\chromedriver.exe] found in cache
Driver [C:\Users\bala_\.wdm\drivers\chromedriver\win32\86.0.4240.22\chromedriver.exe] found in cache
Browser Launched
Browser Launched
Browser Launched
Browser Launched
Test test_title passed
Test test_title passed
Test test_title passed
Test test_title passed
Current google-chrome version is 86.0.4240
Current google-chrome version is 86.0.4240
Current google-chrome version is 86.0.4240
Current google-chrome version is 86.0.4240
Get LATEST driver version for 86.0.4240
Get LATEST driver version for 86.0.4240
Get LATEST driver version for 86.0.4240
Get LATEST driver version for 86.0.4240
Driver [C:\Users\bala_\.wdm\drivers\chromedriver\win32\86.0.4240.22\chromedriver.exe] found in cache
Driver [C:\Users\bala_\.wdm\drivers\chromedriver\win32\86.0.4240.22\chromedriver.exe] found in cache
Driver [C:\Users\bala_\.wdm\drivers\chromedriver\win32\86.0.4240.22\chromedriver.exe] found in cache
Driver [C:\Users\bala_\.wdm\drivers\chromedriver\win32\86.0.4240.22\chromedriver.exe] found in cache
Test test_login browser launched
Test test_login browser launched
Test test_login browser launched
Test test_login browser launched
Test test_Login passed
Test test_Login passed
Test test_Login passed
Test test_Login passed
Current google-chrome version is 86.0.4240
Current google-chrome version is 86.0.4240
Current google-chrome version is 86.0.4240
Current google-chrome version is 86.0.4240
Get LATEST driver version for 86.0.4240
Get LATEST driver version for 86.0.4240
Get LATEST driver version for 86.0.4240
Get LATEST driver version for 86.0.4240
Driver [C:\Users\bala_\.wdm\drivers\chromedriver\win32\86.0.4240.22\chromedriver.exe] found in cache
Driver [C:\Users\bala_\.wdm\drivers\chromedriver\win32\86.0.4240.22\chromedriver.exe] found in cache
Driver [C:\Users\bala_\.wdm\drivers\chromedriver\win32\86.0.4240.22\chromedriver.exe] found in cache
Driver [C:\Users\bala_\.wdm\drivers\chromedriver\win32\86.0.4240.22\chromedriver.exe] found in cache
******test_title_ddt********
******test_title_ddt********
******test_title_ddt********
******test_title_ddt********
******Verifying Login DDT Test from Excel file********
******Verifying Login DDT Test from Excel file********
******Verifying Login DDT Test from Excel file********
******Verifying Login DDT Test from Excel file********
*******Test test_login browser launched*****
*******Test test_login browser launched*****
*******Test test_login browser launched*****
*******Test test_login browser launched*****
*****Username : Admin1***********Password : admin123***********
*****Username : Admin1***********Password : admin123***********
*****Username : Admin1***********Password : admin123***********
*****Username : Admin1***********Password : admin123***********
********Test test_Login passed********
********Test test_Login passed********
********Test test_Login passed********
********Test test_Login passed********
*****Username : Admin***********Password : Admin1234***********
*****Username : Admin***********Password : Admin1234***********
*****Username : Admin***********Password : Admin1234***********
*****Username : Admin***********Password : Admin1234***********
********Test test_Login passed********
********Test test_Login passed********
********Test test_Login passed********
********Test test_Login passed********
*****Username : Admin***********Password : admin123***********
*****Username : Admin***********Password : admin123***********
*****Username : Admin***********Password : admin123***********
*****Username : Admin***********Password : admin123***********
********Test test_Login passed********
********Test test_Login passed********
********Test test_Login passed********
********Test test_Login passed********
